<?xml version="1.0" encoding="UTF-8"?>
<!-- Generated by org.testng.reporters.JUnitReportReporter -->
<testsuite hostname="DESKTOP-UBASVQK" failures="0" tests="1" name="Regression.Home" time="17.647" errors="0" timestamp="09 Feb 2022 21:19:26 GMT" skipped="0">
  <testcase classname="Regression.Home" name="verify_the_message" time="17.647"/>
</testsuite> <!-- Regression.Home -->
