<?xml version="1.0" encoding="UTF-8"?>
<!-- Generated by org.testng.reporters.JUnitReportReporter -->
<testsuite hostname="DESKTOP-UBASVQK" failures="0" tests="1" name="Regression.Tablets" time="13.817" errors="0" timestamp="2022-03-13T00:24:37 IST" skipped="0">
  <testcase classname="Regression.Tablets" name="Tablets_TC01_Verify_the_message_on_tablet_page" time="13.817"/>
  <system-out/>
</testsuite> <!-- Regression.Tablets -->
