<?xml version="1.0" encoding="UTF-8"?>
<!-- Generated by org.testng.reporters.JUnitReportReporter -->
<testsuite hostname="DESKTOP-UBASVQK" failures="0" tests="1" name="Regression.Home" time="17.677" errors="0" timestamp="09 Feb 2022 21:24:21 GMT" skipped="0">
  <testcase classname="Regression.Home" name="Verify_the_message" time="17.677"/>
</testsuite> <!-- Regression.Home -->
