<?xml version="1.0" encoding="UTF-8"?>
<!-- Generated by org.testng.reporters.JUnitReportReporter -->
<testsuite hostname="DESKTOP-UBASVQK" failures="0" tests="3" name="Regression.Home" time="45.887" errors="0" timestamp="2022-03-02T23:35:24 IST" skipped="0">
  <testcase classname="Regression.Home" name="Home_TC01_Verify_the_message" time="17.564"/>
  <system-out/>
  <testcase classname="Regression.Home" name="Home_TC03_Verify_Laptops_and_Notebooks_option" time="14.419"/>
  <system-out/>
  <testcase classname="Regression.Home" name="Home_TC02_Verify_desktop_option" time="13.904"/>
  <system-out/>
</testsuite> <!-- Regression.Home -->
