<?xml version="1.0" encoding="UTF-8"?>
<!-- Generated by org.testng.reporters.JUnitReportReporter -->
<testsuite hostname="DESKTOP-UBASVQK" failures="0" tests="1" name="Regression.Home" time="12.666" errors="0" timestamp="07 Feb 2022 18:51:37 GMT" skipped="0">
  <testcase classname="Regression.Home" name="verify_the_message" time="12.666"/>
</testsuite> <!-- Regression.Home -->
