<?xml version="1.0" encoding="UTF-8"?>
<!-- Generated by org.testng.reporters.JUnitReportReporter -->
<testsuite hostname="DESKTOP-UBASVQK" failures="0" tests="1" name="Regression.Home" time="16.293" errors="0" timestamp="14 Feb 2022 07:24:59 GMT" skipped="0">
  <testcase classname="Regression.Home" name="Verify_the_message" time="16.293"/>
</testsuite> <!-- Regression.Home -->
